== ERROR ANALYSIS LOG ==
 >>>> HIT @ 1
Correct Child:  823
Incorrect Child:  177
Correct Child PPR:  823
Incorrect Child PPR:  177
Correct Parent:  0
Incorrect Parent:  1000
Correct Parent PPR:  0
Incorrect Parent PPR:  1000
Num Child Errors Introduced:  0
Num Child Errors Rectified:  0
Num Parent Errors Introduced:  0
Num Parent Errors Rectified:  0
Num Correct Parent Incorrect Child:  0
Num Correct Parent Incorrect Child PPR:  0
Num Correct Child Incorrect Parent:  823
Num Correct Child Incorrect Parent PPR:  823
Overall HIT @ 1: 0.0
Overall HIT @ 1 PPR: 0.0
Overall HIT @ 1 (Leaves): 0.0
Overall HIT @ 1 PPR (Leaves): 0.0
Overall HIT @ 1 (Non-Leaves): 0.0
Overall HIT @ 1 PPR (Non-Leaves): 0.0
 >>>> HIT @ 10
Correct Child:  823
Incorrect Child:  177
Correct Child PPR:  823
Incorrect Child PPR:  177
Correct Parent:  1
Incorrect Parent:  999
Correct Parent PPR:  0
Incorrect Parent PPR:  1000
Num Child Errors Introduced:  0
Num Child Errors Rectified:  0
Num Parent Errors Introduced:  1
Num Parent Errors Rectified:  0
Num Correct Parent Incorrect Child:  1
Num Correct Parent Incorrect Child PPR:  0
Num Correct Child Incorrect Parent:  823
Num Correct Child Incorrect Parent PPR:  823
Overall HIT @ 10: 0.0
Overall HIT @ 10 PPR: 0.0
Overall HIT @ 10 (Leaves): 0.0
Overall HIT @ 10 PPR (Leaves): 0.0
Overall HIT @ 10 (Non-Leaves): 0.0
Overall HIT @ 10 PPR (Non-Leaves): 0.0
Num Leaf Queries:  768
Num Non-Leaf Queries:  232
=====================================
Query/Node pairs with cosine similarity == 1:
=====================================
== CSV FOR ONLY PARENTS WITH COS_SIM @ 1 ==

query def, true parent def, pred parent def ppr, pred parent def
